<?xml version="1.0" encoding="UTF-8"?>
<!-- Generated by org.testng.reporters.JUnitReportReporter -->
<testsuite skipped="0" hostname="DESKTOP-QI6818R" name="com.qa.test.GetApiTest" tests="1" failures="0" timestamp="03 Jul 2018 11:24:45 GMT" time="1.612" errors="0">
  <testcase name="getAPITest" time="1.612" classname="com.qa.test.GetApiTest"/>
</testsuite> <!-- com.qa.test.GetApiTest -->
