<?xml version="1.0" encoding="UTF-8"?>
<!-- Generated by org.testng.reporters.JUnitReportReporter -->
<testsuite skipped="0" hostname="DESKTOP-QI6818R" name="com.qa.test.PostApiTest" tests="1" failures="0" timestamp="04 Jul 2018 11:19:08 GMT" time="3.980" errors="0">
  <testcase name="postAPITest" time="3.980" classname="com.qa.test.PostApiTest"/>
</testsuite> <!-- com.qa.test.PostApiTest -->
