<?xml version="1.0" encoding="UTF-8"?>
<!-- Generated by org.testng.reporters.JUnitReportReporter -->
<testsuite skipped="0" hostname="DESKTOP-QI6818R" name="com.crm.qa.logs.LoginTest" tests="2" failures="0" timestamp="24 Jun 2018 10:23:56 GMT" time="54.696" errors="0">
  <testcase name="freeCrmTitleTest" time="24.523" classname="com.crm.qa.logs.LoginTest"/>
  <testcase name="freeCrmLogoTest" time="30.173" classname="com.crm.qa.logs.LoginTest"/>
</testsuite> <!-- com.crm.qa.logs.LoginTest -->
